<?xml version="1.0" encoding="UTF-8"?>
<!-- Generated by org.testng.reporters.JUnitReportReporter -->
<testsuite hostname="LAPTOP-ER81FAOP" failures="0" tests="4" name="testNg.TestNgClass2" time="20.603" errors="0" timestamp="2023-02-22T16:57:51 IST" skipped="0">
  <testcase classname="testNg.TestNgClass2" name="VerifyZeroCostInsuranceForm" time="4.222"/>
  <system-out/>
  <testcase classname="testNg.TestNgClass2" name="VerifyZeroCostInsuranceForm" time="4.327"/>
  <system-out/>
  <testcase classname="testNg.TestNgClass2" name="VerifyTermInsuranceForm" time="5.761"/>
  <system-out/>
  <testcase classname="testNg.TestNgClass2" name="VerifyTermInsuranceForm" time="6.293"/>
  <system-out/>
</testsuite> <!-- testNg.TestNgClass2 -->
