<?xml version="1.0" encoding="UTF-8"?>
<!-- Generated by org.testng.reporters.JUnitReportReporter -->
<testsuite hostname="LAPTOP-ER81FAOP" failures="0" tests="1" name="testNg.TestNgClass" time="0.008" errors="0" timestamp="2023-01-31T17:39:03 IST" skipped="0">
  <testcase classname="testNg.TestNgClass" name="test" time="0.008"/>
  <system-out/>
</testsuite> <!-- testNg.TestNgClass -->
