<?xml version="1.0" encoding="UTF-8"?>
<!-- Generated by org.testng.reporters.JUnitReportReporter -->
<testsuite hostname="LAPTOP-ER81FAOP" failures="0" tests="4" name="testNg.TestNgClass1" time="26.510" errors="0" timestamp="2023-02-22T16:57:51 IST" skipped="0">
  <testcase classname="testNg.TestNgClass1" name="VerifyInvestmentPlanForm" time="7.561"/>
  <system-out/>
  <testcase classname="testNg.TestNgClass1" name="VerifyInvestmentPlanForm" time="7.865"/>
  <system-out/>
  <testcase classname="testNg.TestNgClass1" name="VerifySaralJeevaninsuranceForm" time="4.859"/>
  <system-out/>
  <testcase classname="testNg.TestNgClass1" name="VerifySaralJeevaninsuranceForm" time="6.225"/>
  <system-out/>
</testsuite> <!-- testNg.TestNgClass1 -->
